(---------------------------------------------------------------------)
(                                                                     )
(    NC DRILL Log                                                     )
(                                                                     )
(    Drawing          : frontend.brd                                  )
(    Software Version : 17.2S022                                      )
(    Date/Time        : Tue Apr 17 14:35:44 2018                      )
(                                                                     )
(---------------------------------------------------------------------)



 Processing NC Parameters file 'nc_param.txt' ...

 NC PARAMETERS
 -------------

 FORMAT   		2.4
 MACHINE-OFFSET		x:0.00000	y:0.00000   (inch)
 FEEDRATE		1
 COORDINATES		ABSOLUTE
 OUTPUT-UNITS		ENGLISH
 TOOL-ORDER		DECREASING
 REPEAT-CODES		YES
 SUPPRESS-LEAD-ZEROES	NO
 SUPPRESS-TRAIL-ZEROES	YES
 SUPPRESS-EQUAL		NO
 TOOL-SELECT		YES
 HEADER			none
 LEADER			12
 CODE			ASCII
 SEPARATE		NO
 SEPARATE-ROUTING	NO
 OPTIMIZE_DRILLING	NO
 ENHANCED_EXCELLON	YES
 SCALE			1.000000

 WARNING(SPMHMF-360): Design precision is greater than that of the drill output file data.
 WARNING(SPMHMF-361): Data rounding errors are very possible.
 WARNING(SPMHMF-368): Cannot find NC Drill tool file 'nc_tools.txt'
 WARNING(SPMHMF-369): ... will auto-generate tool file 'nc_tools_auto.txt'.


     Auto-generating tool file 'nc_tools_auto.txt' ...

           Size  Plating  Tool        + Tolerance  - Tolerance

         42.012  P        T01            0.000000     0.000000
         20.000  P        T02            0.000000     0.000000
         10.000  P        T03            0.000000     0.000000


 Drill files being output to directory 'E:/TT_schematics/[default_project root]/[design name]/pcb/artwork' ...



     'frontend-1-4.drl' created for holes connecting TOP and BOTTOM
     --------------------------------------------------------------

     Tool  Num     Size      +/- Tolerance     Plating   Quantity

     T01    1.  42.0120    0.0000/  0.0000      PLATED         10
     T02    2.  20.0000    0.0000/  0.0000      PLATED         40
     T03    3.  10.0000    0.0000/  0.0000      PLATED        165

     ---- Total holes:                                        215

     ---- Total head travel:              7.36 feet (2.24 meters)

