(---------------------------------------------------------------------)
(                                                                     )
(    QUICKPLACE LOG                                                   )
(                                                                     )
(    Drawing          : frontend.brd                                  )
(    Software Version : 17.2S022                                      )
(    Date/Time        : Thu Apr 12 14:38:13 2018                      )
(                                                                     )
(---------------------------------------------------------------------)


State: Placing on layer TOP

         Placed symbol:  U5 / RF5110G_1_QFN_3X3_16P_RF5110G / QFN_3X3_16P at (18.6647 18.5597)
         Placed symbol:  U4 / MMZ09332BT1_3_QFN3X3_12P_MMZ093 / QFN3X3_12P at (18.6897 17.9694)
         Placed symbol:  J6 / HEADER 10_BCON_10X1V_100S_1SQ_4 / BCON_10X1V_100S_1SQ_42D at (16.6438 17.4863)
         Placed symbol:  U3 / TQP3M9036_2_DFN2X2_8P_TQP3M9036 / DFN2X2_8P at (18.7747 17.2688)
         Placed symbol:  U1 / HMC544_0_SOT26_6P_HMC544 / SOT26_6P at (18.7197 16.9835)
         Placed symbol:  U2 / 74AC04_0_SOT26_6P_74LVC2G04 / SOT26_6P at (18.7197 16.6632)
         Placed symbol:  J2 / SMA_EDGE_CON_SMA_EDGE_SMA_EDGE / CON_SMA_EDGE at (18.8547 16.0279)
         Placed symbol:  J7 / PJ-036AH-SMT-TR_PJ-036AH-SMT-TR / PJ-036AH-SMT-TR at (18.8597 14.7226)
         Placed symbol:  J3 / SMA_EDGE_CON_SMA_EDGE_SMA_EDGE / CON_SMA_EDGE at (16.2486 18.4097)
         Placed symbol:  J5 / SMA_EDGE_CON_SMA_EDGE_SMA_EDGE / CON_SMA_EDGE at (16.2486 17.6494)
         Placed symbol:  C4 / C_SMC0603_1U / SMC0603 at (16.2488 17.1702)
         Placed symbol:  C8 / C_SMC0603_1U / SMC0603 at (16.2488 16.9708)
         Placed symbol:  C11 / C_SMC0603_2.4P / SMC0603 at (16.2488 16.7714)
         Placed symbol:  C13 / C_SMC0603_1000P / SMC0603 at (16.2488 16.5720)
         Placed symbol:  C14 / C_SMC0603_4.7U / SMC0603 at (16.2488 16.3726)
         Placed symbol:  C15 / C_SMC0603_18P / SMC0603 at (16.2488 16.1732)
         Placed symbol:  C17 / C_SMC0603_220P / SMC0603 at (16.2488 15.9738)
         Placed symbol:  C18 / CAP NP_SMC0603_10N / SMC0603 at (16.2488 15.7744)
         Placed symbol:  C23 / CAP NP_SMC0603_10N / SMC0603 at (16.2488 15.5750)
         Placed symbol:  C32 / CAP NP_SMC0603_10N / SMC0603 at (16.2488 15.3756)
         Placed symbol:  C33 / CAP NP_SMC0603_10N / SMC0603 at (16.2488 15.1762)
         Placed symbol:  C10 / C_SMC0603_1U / SMC0603 at (16.2488 14.9768)
         Placed symbol:  C9 / C_SMC0603_100P / SMC0603 at (16.2488 14.7774)
         Placed symbol:  C34 / CAP NP_SMC0603_10N / SMC0603 at (16.2488 14.5780)
         Placed symbol:  C31 / CAP NP_SMC0603_1N / SMC0603 at (16.2488 14.3786)
         Placed symbol:  C20 / CAP NP_SMC0603_330P / SMC0603 at (16.2488 14.1792)
         Placed symbol:  C25 / CAP NP_SMC0603_330P / SMC0603 at (16.2488 13.9798)
         Placed symbol:  C21 / CAP NP_SMC0603_56P / SMC0603 at (15.8035 18.6908)
         Placed symbol:  C29 / CAP NP_SMC0603_56P / SMC0603 at (15.8035 18.4914)
         Placed symbol:  C22 / CAP POL_F921A335MPA_3.3U / F921A335MPA at (15.8383 18.3109)
         Placed symbol:  C26 / CAP POL_F921A335MPA_3.3U / F921A335MPA at (15.8383 18.0545)
         Placed symbol:  C27 / CAP NP_SMC0603_22P / SMC0603 at (15.8035 17.7792)
         Placed symbol:  C28 / CAP NP_SMC0603_2P / SMC0603 at (15.8035 17.5798)
         Placed symbol:  C2 / C_SMC0603_100P / SMC0603 at (15.8035 17.3804)
         Placed symbol:  C6 / C_SMC0603_100P / SMC0603 at (15.8035 17.1810)
         Placed symbol:  C19 / CAP NP_SMC0603_1N / SMC0603 at (15.8035 16.9816)
         Placed symbol:  C7 / C_SMC0603_100P / SMC0603 at (15.8035 16.7822)
         Placed symbol:  C24 / CAP NP_SMC0603_1N / SMC0603 at (15.8035 16.5828)
         Placed symbol:  C12 / C_SMC0603_100P / SMC0603 at (15.8035 16.3834)
         Placed symbol:  C5 / C_SMC0603_100P / SMC0603 at (15.8035 16.1840)
         Placed symbol:  L1 / INDUCTOR_SMC0603_68N / SMC0603 at (15.8035 15.9846)
         Placed symbol:  L10 / INDUCTOR_SMC0805_BLM21PG221SM1D / SMC0805 at (15.7108 15.7712)
         Placed symbol:  L2 / INDUCTOR_SMC0603_3.9N / SMC0603 at (15.8035 15.5591)
         Placed symbol:  L3 / INDUCTOR_SMC0603_5.6N / SMC0603 at (15.8035 15.3597)
         Placed symbol:  L4 / INDUCTOR_SMC0603_5.6N / SMC0603 at (15.8035 15.1603)
         Placed symbol:  L5 / INDUCTOR_SMC0603_12N / SMC0603 at (15.8035 14.9609)
         Placed symbol:  L6 / INDUCTOR_SMC0603_22N / SMC0603 at (15.8035 14.7615)
         Placed symbol:  L7 / INDUCTOR_SMC0603_6.8N / SMC0603 at (15.8035 14.5621)
         Placed symbol:  L8 / INDUCTOR_SMC0603_2.7N / SMC0603 at (15.8035 14.3627)
         Placed symbol:  L9 / INDUCTOR_NR3012T1R0N_1U / NR3012T1R0N at (15.7033 14.0822)
         Placed symbol:  R1 / R_SMC0603_33K / SMC0603 at (15.2906 18.6908)
         Placed symbol:  R10 / RESISTOR_SMC0603_180 / SMC0603 at (15.2906 18.4914)
         Placed symbol:  R11 / RESISTOR_SMC0603_0 / SMC0603 at (15.2906 18.2920)
         Placed symbol:  R12 / RESISTOR_SMC0603_0 / SMC0603 at (15.2906 18.0926)
         Placed symbol:  R13 / RESISTOR_SMC0603_0 / SMC0603 at (15.2906 17.8932)
         Placed symbol:  R2 / R_SMC0603_10K / SMC0603 at (15.2906 17.6938)
         Placed symbol:  R3 / R_SMC0603_1.8K / SMC0603 at (15.2906 17.4944)
         Placed symbol:  R4 / R_SMC0603_2K / SMC0603 at (15.2906 17.2950)
         Placed symbol:  R5 / R_SMC0603_1K / SMC0603 at (15.2906 17.0956)
         Placed symbol:  R6 / R_SMC0603_1K / SMC0603 at (15.2906 16.8962)
         Placed symbol:  R7 / R_SMC0603_0K / SMC0603 at (15.2906 16.6968)
         Placed symbol:  R8 / R_SMC0603_0K / SMC0603 at (15.2906 16.4974)
         Placed symbol:  R9 / RESISTOR_SMC0603_18 / SMC0603 at (15.2906 16.2980)
         Placed symbol:  C16 / C_SMC0603_100P / SMC0603 at (15.2906 16.0986)
         Placed symbol:  C3 / C_SMC0603_100P / SMC0603 at (15.2906 15.8992)
         Placed symbol:  C30 / CAP NP_SMC0603_47P / SMC0603 at (15.2906 15.6998)
         Placed symbol:  C35 / C_SMC0603_2.2U / SMC0603 at (15.2906 15.5004)
         Placed symbol:  C1 / C_SMC0603_100P / SMC0603 at (15.2906 15.3010)


Placed 68 of 68 applicable (68 total) symbols.

-----------------------------------------------------------------------

