(---------------------------------------------------------------------)
(                                                                     )
(    Allegro Netrev Import Logic                                      )
(                                                                     )
(    Drawing          : Transceiver.brd                               )
(    Software Version : 17.2S022                                      )
(    Date/Time        : Thu Apr 12 14:10:48 2018                      )
(                                                                     )
(---------------------------------------------------------------------)


------ Directives ------------

Ripup etch:                  No
Ripup delete first segment:  No
Ripup retain bondwire:       No
Ripup symbols:               Always
Missing symbol has error:    No
DRC update:                  Yes
Schematic directory:         'C:/Users/admatthe/Documents/SlugSatTNT/TNT_Transceiver/T&T Transceiver/pcb/netlist'
Design Directory:            'C:/Users/admatthe/Documents/SlugSatTNT/TNT_Transceiver/T&T Transceiver/pcb'
Old design name:             'C:/Users/admatthe/Documents/SlugSatTNT/TNT_Transceiver/T&T Transceiver/pcb/Transceiver.brd'
New design name:             'C:/Users/admatthe/Documents/SlugSatTNT/TNT_Transceiver/T&T Transceiver/pcb/Transceiver.brd'

CmdLine: netrev -$ -i C:/Users/admatthe/Documents/SlugSatTNT/TNT_Transceiver/T&T Transceiver/pcb/netlist -y 1 -h -q netrev_constraint_report.xml C:/Users/admatthe/Documents/SlugSatTNT/TNT_Transceiver/T&T Transceiver/pcb/#Taaaaol07240.tmp

------ Preparing to read pst files ------

Starting to read C:/Users/admatthe/Documents/SlugSatTNT/TNT_Transceiver/T&T Transceiver/pcb/netlist/pstchip.dat 
   Finished reading C:/Users/admatthe/Documents/SlugSatTNT/TNT_Transceiver/T&T Transceiver/pcb/netlist/pstchip.dat (00:00:00.03)
Starting to read C:/Users/admatthe/Documents/SlugSatTNT/TNT_Transceiver/T&T Transceiver/pcb/netlist/pstxprt.dat 
   Finished reading C:/Users/admatthe/Documents/SlugSatTNT/TNT_Transceiver/T&T Transceiver/pcb/netlist/pstxprt.dat (00:00:00.00)
Starting to read C:/Users/admatthe/Documents/SlugSatTNT/TNT_Transceiver/T&T Transceiver/pcb/netlist/pstxnet.dat 
   Finished reading C:/Users/admatthe/Documents/SlugSatTNT/TNT_Transceiver/T&T Transceiver/pcb/netlist/pstxnet.dat (00:00:00.01)

------ Oversights/Warnings/Errors ------


------ Library Paths ------
MODULEPATH =  . 
           C:/Cadence/SPB_17.2/share/local/pcb/modules 
           C:/Users/admatthe/Documents/SlugSatTNT/TNT_Transceiver/Lib/modules/ 

PSMPATH =  . 
           symbols 
           .. 
           ../symbols 
           C:/Cadence/SPB_17.2/share/local/pcb/symbols 
           C:/Cadence/SPB_17.2/share/pcb/pcb_lib/symbols 
           C:/Cadence/SPB_17.2/share/pcb/allegrolib/symbols 
           C:/Users/admatthe/Documents/SlugSatTNT/TNT_Transceiver/Lib/symbols/ 

PADPATH =  . 
           symbols 
           .. 
           ../symbols 
           C:/Cadence/SPB_17.2/share/local/pcb/padstacks 
           C:/Cadence/SPB_17.2/share/pcb/pcb_lib/symbols 
           C:/Cadence/SPB_17.2/share/pcb/allegrolib/symbols 
           C:/Users/admatthe/Documents/SlugSatTNT/TNT_Transceiver/Lib/padstacks/ 


------ Summary Statistics ------


netrev run on Apr 12 14:10:48 2018
   DESIGN NAME : 'T&T TRANSCEIVER'
   PACKAGING ON Mar 20 2017 11:21:40

   COMPILE 'logic'
   CHECK_PIN_NAMES OFF
   CROSS_REFERENCE OFF
   FEEDBACK OFF
   INCREMENTAL OFF
   INTERFACE_TYPE PHYSICAL
   MAX_ERRORS 500
   MERGE_MINIMUM 5
   NET_NAME_CHARS '#%&()*+-./:=>?@[]^_`|'
   NET_NAME_LENGTH 24
   OVERSIGHTS ON
   REPLACE_CHECK OFF
   SINGLE_NODE_NETS ON
   SPLIT_MINIMUM 0
   SUPPRESS   20
   WARNINGS ON

 No error detected
 No oversight detected
 No warning detected

cpu time      0:01:36
elapsed time  0:00:01

