Mon Apr 16 20:33:21 2018				Page     1


 
Update Symbols/Modules Logfile
	Mon Apr 16 20:33:21 2018

------ Module Refresh Messages ------

SUMMARY:    Updated 0 out of 0 modules

------ End Module Messages     ------



(---------------------------------------------------------------------)
(                                                                     )
(    Refresh Symbol                                                   )
(                                                                     )
(    Drawing          : Transceiver.brd                               )
(    Software Version : 17.2S022                                      )
(    Date/Time        : Mon Apr 16 20:33:21 2018                      )
(                                                                     )
(---------------------------------------------------------------------)


Mon Apr 16 20:33:21 2018				Page     1


------ Symbol Refresh Directives ------

Input design  = 'C:/Users/admatthe/Documents/SlugSatTNT/TNT_Transceiver/T&T Transceiver/pcb/Transceiver.brd'
Output design = ''

Update mechanical symbols              = 'NO'
Update format symbols                  = 'NO'
Update package symbols                 = 'NO'
Update shape/flash symbols             = 'NO'
Update symbol padstacks                = 'YES'
Preserve padstacks replaced on pins    = 'YES'
Reset symbol text and size locations   = 'NO'
Reset Pin Escapes (fanouts)            = 'NO'
Ripup Etch                             = 'NO'
Reset custom drill data                = 'NO'
Symbol list file                       = 'C:/Users/admatthe/AppData/Local/Temp/#Taaaaft08504.tmp'


------ Library Paths ------
PSMPATH =  C:/Cadence/SPB_17.2/share/local/pcb/symbols 
           C:/Cadence/SPB_17.2/share/pcb/pcb_lib/symbols 
           C:/Cadence/SPB_17.2/share/pcb/allegrolib/symbols 
           ../../lib.symbols 
           C:/Users/teaves/Desktop/Mixer/Lib/symbols 
           C:/Users/admatthe/Documents/SlugSatTNT/TNT_Transceiver/Lib/symbols/ 

PADPATH =  C:/Cadence/SPB_17.2/share/local/pcb/padstacks 
           C:/Cadence/SPB_17.2/share/pcb/pcb_lib/symbols 
           C:/Cadence/SPB_17.2/share/pcb/allegrolib/symbols 
           ../../lib/padstacks 
           ../../lib/symbols 
           C:/Users/admatthe/Documents/SlugSatTNT/TNT_Transceiver/Lib/padstacks/ 


------ Symbol Refresh Messages ------

'CON_SMA_EDGE'  symbol refreshed successfully.


------ Pad Stack Refresh Messages ------

'SM_MM_39X12'  pad stack refreshed successfully.


----- Symbol Update Summary ----

Updated symbols: 1 out 1
    Design updated.

