(---------------------------------------------------------------------)
(                                                                     )
(    Parameter File READ                                              )
(                                                                     )
(    Drawing          : TXETBLSANF.dra                                )
(    Software Version : 17.2S022                                      )
(    Date/Time        : Wed Apr 11 15:03:32 2018                      )
(                                                                     )
(---------------------------------------------------------------------)


	Paramfile Name : C:/Users/admatthe/Documents/SlugSatTNT/TNT_Transceiver/Lib/Local/parameter/symbol_mode.prm
	Layout Name   : TXETBLSANF.dra

Reading...db_common_type:
	WARNING: Unmatched Data - Field Name: alternate_subclass , Value: "NAME UNDEFINED"
Reading...grid_parms_type:
Reading...UnusedPadsSuppressionSettings:
Reading...color_table_table:
Reading...ColorParmType:
Reading...text_size_table:


..... Total number of errors: 0.
..... Total number of warnings: 1.
